<?xml version="1.0" encoding="UTF-8"?>
<testsuite xmlns:xsi="http://www.w3.org/2001/XMLSchema-instance" xsi:noNamespaceSchemaLocation="https://maven.apache.org/surefire/maven-surefire-plugin/xsd/surefire-test-report.xsd" version="3.0.2" name="com.example.demo.DemoApplicationTests" time="3.043" tests="1" errors="0" skipped="0" failures="0">
  <properties>
    <property name="java.specification.version" value="17"/>
    <property name="sun.jnu.encoding" value="UTF-8"/>
    <property name="java.class.path" value="/home/tran.thanh.son@sun-asterisk.com/Desktop/learn-java/employee/target/test-classes:/home/tran.thanh.son@sun-asterisk.com/Desktop/learn-java/employee/target/classes:/home/tran.thanh.son@sun-asterisk.com/.m2/repository/org/springframework/boot/spring-boot-starter-web/3.5.6/spring-boot-starter-web-3.5.6.jar:/home/tran.thanh.son@sun-asterisk.com/.m2/repository/org/springframework/boot/spring-boot-starter/3.5.6/spring-boot-starter-3.5.6.jar:/home/tran.thanh.son@sun-asterisk.com/.m2/repository/org/springframework/boot/spring-boot-starter-logging/3.5.6/spring-boot-starter-logging-3.5.6.jar:/home/tran.thanh.son@sun-asterisk.com/.m2/repository/ch/qos/logback/logback-classic/1.5.18/logback-classic-1.5.18.jar:/home/tran.thanh.son@sun-asterisk.com/.m2/repository/ch/qos/logback/logback-core/1.5.18/logback-core-1.5.18.jar:/home/tran.thanh.son@sun-asterisk.com/.m2/repository/org/apache/logging/log4j/log4j-to-slf4j/2.24.3/log4j-to-slf4j-2.24.3.jar:/home/tran.thanh.son@sun-asterisk.com/.m2/repository/org/apache/logging/log4j/log4j-api/2.24.3/log4j-api-2.24.3.jar:/home/tran.thanh.son@sun-asterisk.com/.m2/repository/org/slf4j/jul-to-slf4j/2.0.17/jul-to-slf4j-2.0.17.jar:/home/tran.thanh.son@sun-asterisk.com/.m2/repository/jakarta/annotation/jakarta.annotation-api/2.1.1/jakarta.annotation-api-2.1.1.jar:/home/tran.thanh.son@sun-asterisk.com/.m2/repository/org/yaml/snakeyaml/2.4/snakeyaml-2.4.jar:/home/tran.thanh.son@sun-asterisk.com/.m2/repository/org/springframework/boot/spring-boot-starter-json/3.5.6/spring-boot-starter-json-3.5.6.jar:/home/tran.thanh.son@sun-asterisk.com/.m2/repository/com/fasterxml/jackson/core/jackson-databind/2.19.2/jackson-databind-2.19.2.jar:/home/tran.thanh.son@sun-asterisk.com/.m2/repository/com/fasterxml/jackson/core/jackson-annotations/2.19.2/jackson-annotations-2.19.2.jar:/home/tran.thanh.son@sun-asterisk.com/.m2/repository/com/fasterxml/jackson/core/jackson-core/2.19.2/jackson-core-2.19.2.jar:/home/tran.thanh.son@sun-asterisk.com/.m2/repository/com/fasterxml/jackson/datatype/jackson-datatype-jdk8/2.19.2/jackson-datatype-jdk8-2.19.2.jar:/home/tran.thanh.son@sun-asterisk.com/.m2/repository/com/fasterxml/jackson/datatype/jackson-datatype-jsr310/2.19.2/jackson-datatype-jsr310-2.19.2.jar:/home/tran.thanh.son@sun-asterisk.com/.m2/repository/com/fasterxml/jackson/module/jackson-module-parameter-names/2.19.2/jackson-module-parameter-names-2.19.2.jar:/home/tran.thanh.son@sun-asterisk.com/.m2/repository/org/springframework/boot/spring-boot-starter-tomcat/3.5.6/spring-boot-starter-tomcat-3.5.6.jar:/home/tran.thanh.son@sun-asterisk.com/.m2/repository/org/apache/tomcat/embed/tomcat-embed-core/10.1.46/tomcat-embed-core-10.1.46.jar:/home/tran.thanh.son@sun-asterisk.com/.m2/repository/org/apache/tomcat/embed/tomcat-embed-el/10.1.46/tomcat-embed-el-10.1.46.jar:/home/tran.thanh.son@sun-asterisk.com/.m2/repository/org/apache/tomcat/embed/tomcat-embed-websocket/10.1.46/tomcat-embed-websocket-10.1.46.jar:/home/tran.thanh.son@sun-asterisk.com/.m2/repository/org/springframework/spring-web/6.2.11/spring-web-6.2.11.jar:/home/tran.thanh.son@sun-asterisk.com/.m2/repository/org/springframework/spring-beans/6.2.11/spring-beans-6.2.11.jar:/home/tran.thanh.son@sun-asterisk.com/.m2/repository/io/micrometer/micrometer-observation/1.15.4/micrometer-observation-1.15.4.jar:/home/tran.thanh.son@sun-asterisk.com/.m2/repository/io/micrometer/micrometer-commons/1.15.4/micrometer-commons-1.15.4.jar:/home/tran.thanh.son@sun-asterisk.com/.m2/repository/org/springframework/spring-webmvc/6.2.11/spring-webmvc-6.2.11.jar:/home/tran.thanh.son@sun-asterisk.com/.m2/repository/org/springframework/spring-context/6.2.11/spring-context-6.2.11.jar:/home/tran.thanh.son@sun-asterisk.com/.m2/repository/org/springframework/spring-expression/6.2.11/spring-expression-6.2.11.jar:/home/tran.thanh.son@sun-asterisk.com/.m2/repository/org/springframework/boot/spring-boot-starter-jdbc/3.5.6/spring-boot-starter-jdbc-3.5.6.jar:/home/tran.thanh.son@sun-asterisk.com/.m2/repository/com/zaxxer/HikariCP/6.3.3/HikariCP-6.3.3.jar:/home/tran.thanh.son@sun-asterisk.com/.m2/repository/org/slf4j/slf4j-api/2.0.17/slf4j-api-2.0.17.jar:/home/tran.thanh.son@sun-asterisk.com/.m2/repository/org/springframework/spring-jdbc/6.2.11/spring-jdbc-6.2.11.jar:/home/tran.thanh.son@sun-asterisk.com/.m2/repository/org/springframework/spring-tx/6.2.11/spring-tx-6.2.11.jar:/home/tran.thanh.son@sun-asterisk.com/.m2/repository/org/springframework/boot/spring-boot-starter-data-jpa/3.5.6/spring-boot-starter-data-jpa-3.5.6.jar:/home/tran.thanh.son@sun-asterisk.com/.m2/repository/org/hibernate/orm/hibernate-core/6.6.29.Final/hibernate-core-6.6.29.Final.jar:/home/tran.thanh.son@sun-asterisk.com/.m2/repository/jakarta/persistence/jakarta.persistence-api/3.1.0/jakarta.persistence-api-3.1.0.jar:/home/tran.thanh.son@sun-asterisk.com/.m2/repository/jakarta/transaction/jakarta.transaction-api/2.0.1/jakarta.transaction-api-2.0.1.jar:/home/tran.thanh.son@sun-asterisk.com/.m2/repository/org/jboss/logging/jboss-logging/3.6.1.Final/jboss-logging-3.6.1.Final.jar:/home/tran.thanh.son@sun-asterisk.com/.m2/repository/org/hibernate/common/hibernate-commons-annotations/7.0.3.Final/hibernate-commons-annotations-7.0.3.Final.jar:/home/tran.thanh.son@sun-asterisk.com/.m2/repository/io/smallrye/jandex/3.2.0/jandex-3.2.0.jar:/home/tran.thanh.son@sun-asterisk.com/.m2/repository/com/fasterxml/classmate/1.7.0/classmate-1.7.0.jar:/home/tran.thanh.son@sun-asterisk.com/.m2/repository/net/bytebuddy/byte-buddy/1.17.7/byte-buddy-1.17.7.jar:/home/tran.thanh.son@sun-asterisk.com/.m2/repository/org/glassfish/jaxb/jaxb-runtime/4.0.5/jaxb-runtime-4.0.5.jar:/home/tran.thanh.son@sun-asterisk.com/.m2/repository/org/glassfish/jaxb/jaxb-core/4.0.5/jaxb-core-4.0.5.jar:/home/tran.thanh.son@sun-asterisk.com/.m2/repository/org/eclipse/angus/angus-activation/2.0.2/angus-activation-2.0.2.jar:/home/tran.thanh.son@sun-asterisk.com/.m2/repository/org/glassfish/jaxb/txw2/4.0.5/txw2-4.0.5.jar:/home/tran.thanh.son@sun-asterisk.com/.m2/repository/com/sun/istack/istack-commons-runtime/4.1.2/istack-commons-runtime-4.1.2.jar:/home/tran.thanh.son@sun-asterisk.com/.m2/repository/jakarta/inject/jakarta.inject-api/2.0.1/jakarta.inject-api-2.0.1.jar:/home/tran.thanh.son@sun-asterisk.com/.m2/repository/org/antlr/antlr4-runtime/4.13.0/antlr4-runtime-4.13.0.jar:/home/tran.thanh.son@sun-asterisk.com/.m2/repository/org/springframework/data/spring-data-jpa/3.5.4/spring-data-jpa-3.5.4.jar:/home/tran.thanh.son@sun-asterisk.com/.m2/repository/org/springframework/data/spring-data-commons/3.5.4/spring-data-commons-3.5.4.jar:/home/tran.thanh.son@sun-asterisk.com/.m2/repository/org/springframework/spring-orm/6.2.11/spring-orm-6.2.11.jar:/home/tran.thanh.son@sun-asterisk.com/.m2/repository/org/springframework/spring-aspects/6.2.11/spring-aspects-6.2.11.jar:/home/tran.thanh.son@sun-asterisk.com/.m2/repository/com/mysql/mysql-connector-j/9.4.0/mysql-connector-j-9.4.0.jar:/home/tran.thanh.son@sun-asterisk.com/.m2/repository/org/springframework/boot/spring-boot-starter-aop/3.5.6/spring-boot-starter-aop-3.5.6.jar:/home/tran.thanh.son@sun-asterisk.com/.m2/repository/org/springframework/spring-aop/6.2.11/spring-aop-6.2.11.jar:/home/tran.thanh.son@sun-asterisk.com/.m2/repository/org/aspectj/aspectjweaver/1.9.24/aspectjweaver-1.9.24.jar:/home/tran.thanh.son@sun-asterisk.com/.m2/repository/org/springframework/boot/spring-boot-devtools/3.5.6/spring-boot-devtools-3.5.6.jar:/home/tran.thanh.son@sun-asterisk.com/.m2/repository/org/springframework/boot/spring-boot/3.5.6/spring-boot-3.5.6.jar:/home/tran.thanh.son@sun-asterisk.com/.m2/repository/org/springframework/boot/spring-boot-autoconfigure/3.5.6/spring-boot-autoconfigure-3.5.6.jar:/home/tran.thanh.son@sun-asterisk.com/.m2/repository/org/springframework/boot/spring-boot-starter-test/3.5.6/spring-boot-starter-test-3.5.6.jar:/home/tran.thanh.son@sun-asterisk.com/.m2/repository/org/springframework/boot/spring-boot-test/3.5.6/spring-boot-test-3.5.6.jar:/home/tran.thanh.son@sun-asterisk.com/.m2/repository/org/springframework/boot/spring-boot-test-autoconfigure/3.5.6/spring-boot-test-autoconfigure-3.5.6.jar:/home/tran.thanh.son@sun-asterisk.com/.m2/repository/com/jayway/jsonpath/json-path/2.9.0/json-path-2.9.0.jar:/home/tran.thanh.son@sun-asterisk.com/.m2/repository/jakarta/xml/bind/jakarta.xml.bind-api/4.0.2/jakarta.xml.bind-api-4.0.2.jar:/home/tran.thanh.son@sun-asterisk.com/.m2/repository/jakarta/activation/jakarta.activation-api/2.1.4/jakarta.activation-api-2.1.4.jar:/home/tran.thanh.son@sun-asterisk.com/.m2/repository/net/minidev/json-smart/2.5.2/json-smart-2.5.2.jar:/home/tran.thanh.son@sun-asterisk.com/.m2/repository/net/minidev/accessors-smart/2.5.2/accessors-smart-2.5.2.jar:/home/tran.thanh.son@sun-asterisk.com/.m2/repository/org/ow2/asm/asm/9.7.1/asm-9.7.1.jar:/home/tran.thanh.son@sun-asterisk.com/.m2/repository/org/assertj/assertj-core/3.27.4/assertj-core-3.27.4.jar:/home/tran.thanh.son@sun-asterisk.com/.m2/repository/org/awaitility/awaitility/4.2.2/awaitility-4.2.2.jar:/home/tran.thanh.son@sun-asterisk.com/.m2/repository/org/hamcrest/hamcrest/3.0/hamcrest-3.0.jar:/home/tran.thanh.son@sun-asterisk.com/.m2/repository/org/junit/jupiter/junit-jupiter/5.12.2/junit-jupiter-5.12.2.jar:/home/tran.thanh.son@sun-asterisk.com/.m2/repository/org/junit/jupiter/junit-jupiter-api/5.12.2/junit-jupiter-api-5.12.2.jar:/home/tran.thanh.son@sun-asterisk.com/.m2/repository/org/opentest4j/opentest4j/1.3.0/opentest4j-1.3.0.jar:/home/tran.thanh.son@sun-asterisk.com/.m2/repository/org/junit/platform/junit-platform-commons/1.12.2/junit-platform-commons-1.12.2.jar:/home/tran.thanh.son@sun-asterisk.com/.m2/repository/org/apiguardian/apiguardian-api/1.1.2/apiguardian-api-1.1.2.jar:/home/tran.thanh.son@sun-asterisk.com/.m2/repository/org/junit/jupiter/junit-jupiter-params/5.12.2/junit-jupiter-params-5.12.2.jar:/home/tran.thanh.son@sun-asterisk.com/.m2/repository/org/junit/jupiter/junit-jupiter-engine/5.12.2/junit-jupiter-engine-5.12.2.jar:/home/tran.thanh.son@sun-asterisk.com/.m2/repository/org/junit/platform/junit-platform-engine/1.12.2/junit-platform-engine-1.12.2.jar:/home/tran.thanh.son@sun-asterisk.com/.m2/repository/org/mockito/mockito-core/5.17.0/mockito-core-5.17.0.jar:/home/tran.thanh.son@sun-asterisk.com/.m2/repository/net/bytebuddy/byte-buddy-agent/1.17.7/byte-buddy-agent-1.17.7.jar:/home/tran.thanh.son@sun-asterisk.com/.m2/repository/org/objenesis/objenesis/3.3/objenesis-3.3.jar:/home/tran.thanh.son@sun-asterisk.com/.m2/repository/org/mockito/mockito-junit-jupiter/5.17.0/mockito-junit-jupiter-5.17.0.jar:/home/tran.thanh.son@sun-asterisk.com/.m2/repository/org/skyscreamer/jsonassert/1.5.3/jsonassert-1.5.3.jar:/home/tran.thanh.son@sun-asterisk.com/.m2/repository/com/vaadin/external/google/android-json/0.0.20131108.vaadin1/android-json-0.0.20131108.vaadin1.jar:/home/tran.thanh.son@sun-asterisk.com/.m2/repository/org/springframework/spring-core/6.2.11/spring-core-6.2.11.jar:/home/tran.thanh.son@sun-asterisk.com/.m2/repository/org/springframework/spring-jcl/6.2.11/spring-jcl-6.2.11.jar:/home/tran.thanh.son@sun-asterisk.com/.m2/repository/org/springframework/spring-test/6.2.11/spring-test-6.2.11.jar:/home/tran.thanh.son@sun-asterisk.com/.m2/repository/org/xmlunit/xmlunit-core/2.10.4/xmlunit-core-2.10.4.jar:/home/tran.thanh.son@sun-asterisk.com/.m2/repository/org/springframework/boot/spring-boot-starter-security/3.5.6/spring-boot-starter-security-3.5.6.jar:/home/tran.thanh.son@sun-asterisk.com/.m2/repository/org/springframework/security/spring-security-config/6.5.5/spring-security-config-6.5.5.jar:/home/tran.thanh.son@sun-asterisk.com/.m2/repository/org/springframework/security/spring-security-core/6.5.5/spring-security-core-6.5.5.jar:/home/tran.thanh.son@sun-asterisk.com/.m2/repository/org/springframework/security/spring-security-crypto/6.5.5/spring-security-crypto-6.5.5.jar:/home/tran.thanh.son@sun-asterisk.com/.m2/repository/org/springframework/security/spring-security-web/6.5.5/spring-security-web-6.5.5.jar:"/>
    <property name="java.vm.vendor" value="Ubuntu"/>
    <property name="sun.arch.data.model" value="64"/>
    <property name="java.vendor.url" value="https://ubuntu.com/"/>
    <property name="user.timezone" value="Asia/Ho_Chi_Minh"/>
    <property name="org.jboss.logging.provider" value="slf4j"/>
    <property name="os.name" value="Linux"/>
    <property name="java.vm.specification.version" value="17"/>
    <property name="APPLICATION_NAME" value="demo"/>
    <property name="sun.java.launcher" value="SUN_STANDARD"/>
    <property name="user.country" value="US"/>
    <property name="sun.boot.library.path" value="/usr/lib/jvm/java-17-openjdk-amd64/lib"/>
    <property name="sun.java.command" value="/home/tran.thanh.son@sun-asterisk.com/Desktop/learn-java/employee/target/surefire/surefirebooter-20251023192245334_3.jar /home/tran.thanh.son@sun-asterisk.com/Desktop/learn-java/employee/target/surefire 2025-10-23T19-22-45_276-jvmRun1 surefire-20251023192245334_1tmp surefire_0-20251023192245334_2tmp"/>
    <property name="jdk.debug" value="release"/>
    <property name="surefire.test.class.path" value="/home/tran.thanh.son@sun-asterisk.com/Desktop/learn-java/employee/target/test-classes:/home/tran.thanh.son@sun-asterisk.com/Desktop/learn-java/employee/target/classes:/home/tran.thanh.son@sun-asterisk.com/.m2/repository/org/springframework/boot/spring-boot-starter-web/3.5.6/spring-boot-starter-web-3.5.6.jar:/home/tran.thanh.son@sun-asterisk.com/.m2/repository/org/springframework/boot/spring-boot-starter/3.5.6/spring-boot-starter-3.5.6.jar:/home/tran.thanh.son@sun-asterisk.com/.m2/repository/org/springframework/boot/spring-boot-starter-logging/3.5.6/spring-boot-starter-logging-3.5.6.jar:/home/tran.thanh.son@sun-asterisk.com/.m2/repository/ch/qos/logback/logback-classic/1.5.18/logback-classic-1.5.18.jar:/home/tran.thanh.son@sun-asterisk.com/.m2/repository/ch/qos/logback/logback-core/1.5.18/logback-core-1.5.18.jar:/home/tran.thanh.son@sun-asterisk.com/.m2/repository/org/apache/logging/log4j/log4j-to-slf4j/2.24.3/log4j-to-slf4j-2.24.3.jar:/home/tran.thanh.son@sun-asterisk.com/.m2/repository/org/apache/logging/log4j/log4j-api/2.24.3/log4j-api-2.24.3.jar:/home/tran.thanh.son@sun-asterisk.com/.m2/repository/org/slf4j/jul-to-slf4j/2.0.17/jul-to-slf4j-2.0.17.jar:/home/tran.thanh.son@sun-asterisk.com/.m2/repository/jakarta/annotation/jakarta.annotation-api/2.1.1/jakarta.annotation-api-2.1.1.jar:/home/tran.thanh.son@sun-asterisk.com/.m2/repository/org/yaml/snakeyaml/2.4/snakeyaml-2.4.jar:/home/tran.thanh.son@sun-asterisk.com/.m2/repository/org/springframework/boot/spring-boot-starter-json/3.5.6/spring-boot-starter-json-3.5.6.jar:/home/tran.thanh.son@sun-asterisk.com/.m2/repository/com/fasterxml/jackson/core/jackson-databind/2.19.2/jackson-databind-2.19.2.jar:/home/tran.thanh.son@sun-asterisk.com/.m2/repository/com/fasterxml/jackson/core/jackson-annotations/2.19.2/jackson-annotations-2.19.2.jar:/home/tran.thanh.son@sun-asterisk.com/.m2/repository/com/fasterxml/jackson/core/jackson-core/2.19.2/jackson-core-2.19.2.jar:/home/tran.thanh.son@sun-asterisk.com/.m2/repository/com/fasterxml/jackson/datatype/jackson-datatype-jdk8/2.19.2/jackson-datatype-jdk8-2.19.2.jar:/home/tran.thanh.son@sun-asterisk.com/.m2/repository/com/fasterxml/jackson/datatype/jackson-datatype-jsr310/2.19.2/jackson-datatype-jsr310-2.19.2.jar:/home/tran.thanh.son@sun-asterisk.com/.m2/repository/com/fasterxml/jackson/module/jackson-module-parameter-names/2.19.2/jackson-module-parameter-names-2.19.2.jar:/home/tran.thanh.son@sun-asterisk.com/.m2/repository/org/springframework/boot/spring-boot-starter-tomcat/3.5.6/spring-boot-starter-tomcat-3.5.6.jar:/home/tran.thanh.son@sun-asterisk.com/.m2/repository/org/apache/tomcat/embed/tomcat-embed-core/10.1.46/tomcat-embed-core-10.1.46.jar:/home/tran.thanh.son@sun-asterisk.com/.m2/repository/org/apache/tomcat/embed/tomcat-embed-el/10.1.46/tomcat-embed-el-10.1.46.jar:/home/tran.thanh.son@sun-asterisk.com/.m2/repository/org/apache/tomcat/embed/tomcat-embed-websocket/10.1.46/tomcat-embed-websocket-10.1.46.jar:/home/tran.thanh.son@sun-asterisk.com/.m2/repository/org/springframework/spring-web/6.2.11/spring-web-6.2.11.jar:/home/tran.thanh.son@sun-asterisk.com/.m2/repository/org/springframework/spring-beans/6.2.11/spring-beans-6.2.11.jar:/home/tran.thanh.son@sun-asterisk.com/.m2/repository/io/micrometer/micrometer-observation/1.15.4/micrometer-observation-1.15.4.jar:/home/tran.thanh.son@sun-asterisk.com/.m2/repository/io/micrometer/micrometer-commons/1.15.4/micrometer-commons-1.15.4.jar:/home/tran.thanh.son@sun-asterisk.com/.m2/repository/org/springframework/spring-webmvc/6.2.11/spring-webmvc-6.2.11.jar:/home/tran.thanh.son@sun-asterisk.com/.m2/repository/org/springframework/spring-context/6.2.11/spring-context-6.2.11.jar:/home/tran.thanh.son@sun-asterisk.com/.m2/repository/org/springframework/spring-expression/6.2.11/spring-expression-6.2.11.jar:/home/tran.thanh.son@sun-asterisk.com/.m2/repository/org/springframework/boot/spring-boot-starter-jdbc/3.5.6/spring-boot-starter-jdbc-3.5.6.jar:/home/tran.thanh.son@sun-asterisk.com/.m2/repository/com/zaxxer/HikariCP/6.3.3/HikariCP-6.3.3.jar:/home/tran.thanh.son@sun-asterisk.com/.m2/repository/org/slf4j/slf4j-api/2.0.17/slf4j-api-2.0.17.jar:/home/tran.thanh.son@sun-asterisk.com/.m2/repository/org/springframework/spring-jdbc/6.2.11/spring-jdbc-6.2.11.jar:/home/tran.thanh.son@sun-asterisk.com/.m2/repository/org/springframework/spring-tx/6.2.11/spring-tx-6.2.11.jar:/home/tran.thanh.son@sun-asterisk.com/.m2/repository/org/springframework/boot/spring-boot-starter-data-jpa/3.5.6/spring-boot-starter-data-jpa-3.5.6.jar:/home/tran.thanh.son@sun-asterisk.com/.m2/repository/org/hibernate/orm/hibernate-core/6.6.29.Final/hibernate-core-6.6.29.Final.jar:/home/tran.thanh.son@sun-asterisk.com/.m2/repository/jakarta/persistence/jakarta.persistence-api/3.1.0/jakarta.persistence-api-3.1.0.jar:/home/tran.thanh.son@sun-asterisk.com/.m2/repository/jakarta/transaction/jakarta.transaction-api/2.0.1/jakarta.transaction-api-2.0.1.jar:/home/tran.thanh.son@sun-asterisk.com/.m2/repository/org/jboss/logging/jboss-logging/3.6.1.Final/jboss-logging-3.6.1.Final.jar:/home/tran.thanh.son@sun-asterisk.com/.m2/repository/org/hibernate/common/hibernate-commons-annotations/7.0.3.Final/hibernate-commons-annotations-7.0.3.Final.jar:/home/tran.thanh.son@sun-asterisk.com/.m2/repository/io/smallrye/jandex/3.2.0/jandex-3.2.0.jar:/home/tran.thanh.son@sun-asterisk.com/.m2/repository/com/fasterxml/classmate/1.7.0/classmate-1.7.0.jar:/home/tran.thanh.son@sun-asterisk.com/.m2/repository/net/bytebuddy/byte-buddy/1.17.7/byte-buddy-1.17.7.jar:/home/tran.thanh.son@sun-asterisk.com/.m2/repository/org/glassfish/jaxb/jaxb-runtime/4.0.5/jaxb-runtime-4.0.5.jar:/home/tran.thanh.son@sun-asterisk.com/.m2/repository/org/glassfish/jaxb/jaxb-core/4.0.5/jaxb-core-4.0.5.jar:/home/tran.thanh.son@sun-asterisk.com/.m2/repository/org/eclipse/angus/angus-activation/2.0.2/angus-activation-2.0.2.jar:/home/tran.thanh.son@sun-asterisk.com/.m2/repository/org/glassfish/jaxb/txw2/4.0.5/txw2-4.0.5.jar:/home/tran.thanh.son@sun-asterisk.com/.m2/repository/com/sun/istack/istack-commons-runtime/4.1.2/istack-commons-runtime-4.1.2.jar:/home/tran.thanh.son@sun-asterisk.com/.m2/repository/jakarta/inject/jakarta.inject-api/2.0.1/jakarta.inject-api-2.0.1.jar:/home/tran.thanh.son@sun-asterisk.com/.m2/repository/org/antlr/antlr4-runtime/4.13.0/antlr4-runtime-4.13.0.jar:/home/tran.thanh.son@sun-asterisk.com/.m2/repository/org/springframework/data/spring-data-jpa/3.5.4/spring-data-jpa-3.5.4.jar:/home/tran.thanh.son@sun-asterisk.com/.m2/repository/org/springframework/data/spring-data-commons/3.5.4/spring-data-commons-3.5.4.jar:/home/tran.thanh.son@sun-asterisk.com/.m2/repository/org/springframework/spring-orm/6.2.11/spring-orm-6.2.11.jar:/home/tran.thanh.son@sun-asterisk.com/.m2/repository/org/springframework/spring-aspects/6.2.11/spring-aspects-6.2.11.jar:/home/tran.thanh.son@sun-asterisk.com/.m2/repository/com/mysql/mysql-connector-j/9.4.0/mysql-connector-j-9.4.0.jar:/home/tran.thanh.son@sun-asterisk.com/.m2/repository/org/springframework/boot/spring-boot-starter-aop/3.5.6/spring-boot-starter-aop-3.5.6.jar:/home/tran.thanh.son@sun-asterisk.com/.m2/repository/org/springframework/spring-aop/6.2.11/spring-aop-6.2.11.jar:/home/tran.thanh.son@sun-asterisk.com/.m2/repository/org/aspectj/aspectjweaver/1.9.24/aspectjweaver-1.9.24.jar:/home/tran.thanh.son@sun-asterisk.com/.m2/repository/org/springframework/boot/spring-boot-devtools/3.5.6/spring-boot-devtools-3.5.6.jar:/home/tran.thanh.son@sun-asterisk.com/.m2/repository/org/springframework/boot/spring-boot/3.5.6/spring-boot-3.5.6.jar:/home/tran.thanh.son@sun-asterisk.com/.m2/repository/org/springframework/boot/spring-boot-autoconfigure/3.5.6/spring-boot-autoconfigure-3.5.6.jar:/home/tran.thanh.son@sun-asterisk.com/.m2/repository/org/springframework/boot/spring-boot-starter-test/3.5.6/spring-boot-starter-test-3.5.6.jar:/home/tran.thanh.son@sun-asterisk.com/.m2/repository/org/springframework/boot/spring-boot-test/3.5.6/spring-boot-test-3.5.6.jar:/home/tran.thanh.son@sun-asterisk.com/.m2/repository/org/springframework/boot/spring-boot-test-autoconfigure/3.5.6/spring-boot-test-autoconfigure-3.5.6.jar:/home/tran.thanh.son@sun-asterisk.com/.m2/repository/com/jayway/jsonpath/json-path/2.9.0/json-path-2.9.0.jar:/home/tran.thanh.son@sun-asterisk.com/.m2/repository/jakarta/xml/bind/jakarta.xml.bind-api/4.0.2/jakarta.xml.bind-api-4.0.2.jar:/home/tran.thanh.son@sun-asterisk.com/.m2/repository/jakarta/activation/jakarta.activation-api/2.1.4/jakarta.activation-api-2.1.4.jar:/home/tran.thanh.son@sun-asterisk.com/.m2/repository/net/minidev/json-smart/2.5.2/json-smart-2.5.2.jar:/home/tran.thanh.son@sun-asterisk.com/.m2/repository/net/minidev/accessors-smart/2.5.2/accessors-smart-2.5.2.jar:/home/tran.thanh.son@sun-asterisk.com/.m2/repository/org/ow2/asm/asm/9.7.1/asm-9.7.1.jar:/home/tran.thanh.son@sun-asterisk.com/.m2/repository/org/assertj/assertj-core/3.27.4/assertj-core-3.27.4.jar:/home/tran.thanh.son@sun-asterisk.com/.m2/repository/org/awaitility/awaitility/4.2.2/awaitility-4.2.2.jar:/home/tran.thanh.son@sun-asterisk.com/.m2/repository/org/hamcrest/hamcrest/3.0/hamcrest-3.0.jar:/home/tran.thanh.son@sun-asterisk.com/.m2/repository/org/junit/jupiter/junit-jupiter/5.12.2/junit-jupiter-5.12.2.jar:/home/tran.thanh.son@sun-asterisk.com/.m2/repository/org/junit/jupiter/junit-jupiter-api/5.12.2/junit-jupiter-api-5.12.2.jar:/home/tran.thanh.son@sun-asterisk.com/.m2/repository/org/opentest4j/opentest4j/1.3.0/opentest4j-1.3.0.jar:/home/tran.thanh.son@sun-asterisk.com/.m2/repository/org/junit/platform/junit-platform-commons/1.12.2/junit-platform-commons-1.12.2.jar:/home/tran.thanh.son@sun-asterisk.com/.m2/repository/org/apiguardian/apiguardian-api/1.1.2/apiguardian-api-1.1.2.jar:/home/tran.thanh.son@sun-asterisk.com/.m2/repository/org/junit/jupiter/junit-jupiter-params/5.12.2/junit-jupiter-params-5.12.2.jar:/home/tran.thanh.son@sun-asterisk.com/.m2/repository/org/junit/jupiter/junit-jupiter-engine/5.12.2/junit-jupiter-engine-5.12.2.jar:/home/tran.thanh.son@sun-asterisk.com/.m2/repository/org/junit/platform/junit-platform-engine/1.12.2/junit-platform-engine-1.12.2.jar:/home/tran.thanh.son@sun-asterisk.com/.m2/repository/org/mockito/mockito-core/5.17.0/mockito-core-5.17.0.jar:/home/tran.thanh.son@sun-asterisk.com/.m2/repository/net/bytebuddy/byte-buddy-agent/1.17.7/byte-buddy-agent-1.17.7.jar:/home/tran.thanh.son@sun-asterisk.com/.m2/repository/org/objenesis/objenesis/3.3/objenesis-3.3.jar:/home/tran.thanh.son@sun-asterisk.com/.m2/repository/org/mockito/mockito-junit-jupiter/5.17.0/mockito-junit-jupiter-5.17.0.jar:/home/tran.thanh.son@sun-asterisk.com/.m2/repository/org/skyscreamer/jsonassert/1.5.3/jsonassert-1.5.3.jar:/home/tran.thanh.son@sun-asterisk.com/.m2/repository/com/vaadin/external/google/android-json/0.0.20131108.vaadin1/android-json-0.0.20131108.vaadin1.jar:/home/tran.thanh.son@sun-asterisk.com/.m2/repository/org/springframework/spring-core/6.2.11/spring-core-6.2.11.jar:/home/tran.thanh.son@sun-asterisk.com/.m2/repository/org/springframework/spring-jcl/6.2.11/spring-jcl-6.2.11.jar:/home/tran.thanh.son@sun-asterisk.com/.m2/repository/org/springframework/spring-test/6.2.11/spring-test-6.2.11.jar:/home/tran.thanh.son@sun-asterisk.com/.m2/repository/org/xmlunit/xmlunit-core/2.10.4/xmlunit-core-2.10.4.jar:/home/tran.thanh.son@sun-asterisk.com/.m2/repository/org/springframework/boot/spring-boot-starter-security/3.5.6/spring-boot-starter-security-3.5.6.jar:/home/tran.thanh.son@sun-asterisk.com/.m2/repository/org/springframework/security/spring-security-config/6.5.5/spring-security-config-6.5.5.jar:/home/tran.thanh.son@sun-asterisk.com/.m2/repository/org/springframework/security/spring-security-core/6.5.5/spring-security-core-6.5.5.jar:/home/tran.thanh.son@sun-asterisk.com/.m2/repository/org/springframework/security/spring-security-crypto/6.5.5/spring-security-crypto-6.5.5.jar:/home/tran.thanh.son@sun-asterisk.com/.m2/repository/org/springframework/security/spring-security-web/6.5.5/spring-security-web-6.5.5.jar:"/>
    <property name="sun.cpu.endian" value="little"/>
    <property name="user.home" value="/home/tran.thanh.son@sun-asterisk.com"/>
    <property name="user.language" value="en"/>
    <property name="java.specification.vendor" value="Oracle Corporation"/>
    <property name="java.version.date" value="2025-07-15"/>
    <property name="java.home" value="/usr/lib/jvm/java-17-openjdk-amd64"/>
    <property name="file.separator" value="/"/>
    <property name="basedir" value="/home/tran.thanh.son@sun-asterisk.com/Desktop/learn-java/employee"/>
    <property name="java.vm.compressedOopsMode" value="Zero based"/>
    <property name="line.separator" value="&#10;"/>
    <property name="java.specification.name" value="Java Platform API Specification"/>
    <property name="java.vm.specification.vendor" value="Oracle Corporation"/>
    <property name="FILE_LOG_CHARSET" value="UTF-8"/>
    <property name="java.awt.headless" value="true"/>
    <property name="surefire.real.class.path" value="/home/tran.thanh.son@sun-asterisk.com/Desktop/learn-java/employee/target/surefire/surefirebooter-20251023192245334_3.jar"/>
    <property name="sun.management.compiler" value="HotSpot 64-Bit Tiered Compilers"/>
    <property name="java.runtime.version" value="17.0.16+8-Ubuntu-0ubuntu122.04.1"/>
    <property name="user.name" value="tran.thanh.son@sun-asterisk.com"/>
    <property name="path.separator" value=":"/>
    <property name="os.version" value="6.8.0-85-generic"/>
    <property name="java.runtime.name" value="OpenJDK Runtime Environment"/>
    <property name="file.encoding" value="UTF-8"/>
    <property name="java.vm.name" value="OpenJDK 64-Bit Server VM"/>
    <property name="localRepository" value="/home/tran.thanh.son@sun-asterisk.com/.m2/repository"/>
    <property name="java.vendor.url.bug" value="https://bugs.launchpad.net/ubuntu/+source/openjdk-17"/>
    <property name="java.io.tmpdir" value="/tmp"/>
    <property name="com.zaxxer.hikari.pool_number" value="1"/>
    <property name="java.version" value="17.0.16"/>
    <property name="user.dir" value="/home/tran.thanh.son@sun-asterisk.com/Desktop/learn-java/employee"/>
    <property name="os.arch" value="amd64"/>
    <property name="java.vm.specification.name" value="Java Virtual Machine Specification"/>
    <property name="PID" value="43089"/>
    <property name="CONSOLE_LOG_CHARSET" value="UTF-8"/>
    <property name="native.encoding" value="UTF-8"/>
    <property name="java.library.path" value="/usr/java/packages/lib:/usr/lib/x86_64-linux-gnu/jni:/lib/x86_64-linux-gnu:/usr/lib/x86_64-linux-gnu:/usr/lib/jni:/lib:/usr/lib"/>
    <property name="java.vm.info" value="mixed mode, sharing"/>
    <property name="java.vendor" value="Ubuntu"/>
    <property name="java.vm.version" value="17.0.16+8-Ubuntu-0ubuntu122.04.1"/>
    <property name="java.specification.maintenance.version" value="1"/>
    <property name="sun.io.unicode.encoding" value="UnicodeLittle"/>
    <property name="java.class.version" value="61.0"/>
    <property name="LOGGED_APPLICATION_NAME" value="[demo] "/>
  </properties>
  <testcase name="contextLoads" classname="com.example.demo.DemoApplicationTests" time="0.302">
    <system-out><![CDATA[19:22:45.738 [main] INFO org.springframework.test.context.support.AnnotationConfigContextLoaderUtils -- Could not detect default configuration classes for test class [com.example.demo.DemoApplicationTests]: DemoApplicationTests does not declare any static, non-private, non-final, nested classes annotated with @Configuration.
19:22:45.799 [main] INFO org.springframework.boot.test.context.SpringBootTestContextBootstrapper -- Found @SpringBootConfiguration com.example.demo.DemoApplication for test class com.example.demo.DemoApplicationTests
19:22:45.922 [main] INFO org.springframework.boot.devtools.restart.RestartApplicationListener -- Restart disabled due to context in which it is running

  .   ____          _            __ _ _
 /\\ / ___'_ __ _ _(_)_ __  __ _ \ \ \ \
( ( )\___ | '_ | '_| | '_ \/ _` | \ \ \ \
 \\/  ___)| |_)| | | | | || (_| |  ) ) ) )
  '  |____| .__|_| |_|_| |_\__, | / / / /
 =========|_|==============|___/=/_/_/_/

 :: Spring Boot ::                (v3.5.6)

2025-10-23T19:22:46.077+07:00  INFO 43089 --- [demo] [           main] com.example.demo.DemoApplicationTests    : Starting DemoApplicationTests using Java 17.0.16 with PID 43089 (started by tran.thanh.son@sun-asterisk.com in /home/tran.thanh.son@sun-asterisk.com/Desktop/learn-java/employee)
2025-10-23T19:22:46.078+07:00  INFO 43089 --- [demo] [           main] com.example.demo.DemoApplicationTests    : No active profile set, falling back to 1 default profile: "default"
2025-10-23T19:22:46.459+07:00  INFO 43089 --- [demo] [           main] .s.d.r.c.RepositoryConfigurationDelegate : Bootstrapping Spring Data JPA repositories in DEFAULT mode.
2025-10-23T19:22:46.496+07:00  INFO 43089 --- [demo] [           main] .s.d.r.c.RepositoryConfigurationDelegate : Finished Spring Data repository scanning in 31 ms. Found 2 JPA repository interfaces.
2025-10-23T19:22:46.785+07:00  INFO 43089 --- [demo] [           main] o.hibernate.jpa.internal.util.LogHelper  : HHH000204: Processing PersistenceUnitInfo [name: default]
2025-10-23T19:22:46.814+07:00  INFO 43089 --- [demo] [           main] org.hibernate.Version                    : HHH000412: Hibernate ORM core version 6.6.29.Final
2025-10-23T19:22:46.831+07:00  INFO 43089 --- [demo] [           main] o.h.c.internal.RegionFactoryInitiator    : HHH000026: Second-level cache disabled
2025-10-23T19:22:46.984+07:00  INFO 43089 --- [demo] [           main] o.s.o.j.p.SpringPersistenceUnitInfo      : No LoadTimeWeaver setup: ignoring JPA class transformer
2025-10-23T19:22:47.001+07:00  INFO 43089 --- [demo] [           main] com.zaxxer.hikari.HikariDataSource       : HikariPool-1 - Starting...
2025-10-23T19:22:47.192+07:00  INFO 43089 --- [demo] [           main] com.zaxxer.hikari.pool.HikariPool        : HikariPool-1 - Added connection com.mysql.cj.jdbc.ConnectionImpl@4a4ff5ed
2025-10-23T19:22:47.194+07:00  INFO 43089 --- [demo] [           main] com.zaxxer.hikari.HikariDataSource       : HikariPool-1 - Start completed.
2025-10-23T19:22:47.241+07:00  INFO 43089 --- [demo] [           main] org.hibernate.orm.connections.pooling    : HHH10001005: Database info:
	Database JDBC URL [Connecting through datasource 'HikariDataSource (HikariPool-1)']
	Database driver: undefined/unknown
	Database version: 8.0.43
	Autocommit mode: undefined/unknown
	Isolation level: undefined/unknown
	Minimum pool size: undefined/unknown
	Maximum pool size: undefined/unknown
2025-10-23T19:22:47.685+07:00  INFO 43089 --- [demo] [           main] o.h.e.t.j.p.i.JtaPlatformInitiator       : HHH000489: No JTA platform available (set 'hibernate.transaction.jta.platform' to enable JTA platform integration)
2025-10-23T19:22:47.723+07:00  INFO 43089 --- [demo] [           main] j.LocalContainerEntityManagerFactoryBean : Initialized JPA EntityManagerFactory for persistence unit 'default'
2025-10-23T19:22:47.915+07:00  WARN 43089 --- [demo] [           main] JpaBaseConfiguration$JpaWebConfiguration : spring.jpa.open-in-view is enabled by default. Therefore, database queries may be performed during view rendering. Explicitly configure spring.jpa.open-in-view to disable this warning
2025-10-23T19:22:47.940+07:00  WARN 43089 --- [demo] [           main] .s.s.UserDetailsServiceAutoConfiguration : 

Using generated security password: dafff4e3-5554-42b7-ac92-3ec1789d8ddc

This generated password is for development use only. Your security configuration must be updated before running your application in production.

2025-10-23T19:22:47.945+07:00  INFO 43089 --- [demo] [           main] r$InitializeUserDetailsManagerConfigurer : Global AuthenticationManager configured with UserDetailsService bean with name inMemoryUserDetailsManager
2025-10-23T19:22:48.389+07:00  INFO 43089 --- [demo] [           main] com.example.demo.DemoApplicationTests    : Started DemoApplicationTests in 2.474 seconds (process running for 3.01)
]]></system-out>
  </testcase>
</testsuite>